\BOOKMARK [0][-]{chapter*.2}{\376\377\000L\036\335\000i\000\040\000n\000\363\000i\000\040\001\021\036\247\000u}{}% 1
\BOOKMARK [0][-]{chapter*.3}{\376\377\000L\036\335\000i\000\040\000c\036\243\000m\000\040\001\241\000n}{}% 2
\BOOKMARK [0][-]{chapter*.3}{\376\377\000M\036\345\000c\000\040\000l\036\345\000c}{}% 3
\BOOKMARK [0][-]{chapter*.4}{\376\377\000D\000a\000n\000h\000\040\000m\036\345\000c\000\040\000c\000\341\000c\000\040\000t\036\353\000\040\000v\000i\036\277\000t\000\040\000t\036\257\000t}{}% 4
\BOOKMARK [0][-]{table.0.1}{\376\377\000D\000a\000n\000h\000\040\000s\000\341\000c\000h\000\040\000h\000\354\000n\000h\000\040\000v\036\275}{}% 5
\BOOKMARK [0][-]{chapter.1}{\376\377\000=\000X\036\355\000\040\000l\000\375\000\040\036\243\000n\000h\000\040\000t\000r\000o\000n\000g\000\040\000m\000i\036\301\000n\000\040\000t\036\247\000n\000\040\000s\036\321}{}% 6
\BOOKMARK [1][-]{section.1.1}{\376\377\000G\000i\036\333\000i\000\040\000t\000h\000i\036\307\000u\000\040\000v\000\340\000\040\001\021\000\364\000i\000\040\000n\000\351\000t\000\040\000v\036\301\000\040\000m\000i\036\301\000n\000\040\000t\036\247\000n\000\040\000s\036\321}{chapter.1}% 7
\BOOKMARK [1][-]{section.1.2}{\376\377\000K\000h\000\341\000c\000\040\000b\000i\036\307\000t\000\040\000g\000i\036\357\000a\000\040\000m\000i\036\301\000n\000\040\000k\000h\000\364\000n\000g\000\040\000g\000i\000a\000n\000\040\000v\000\340\000\040\000m\000i\036\301\000n\000\040\000t\036\247\000n\000\040\000s\036\321}{chapter.1}% 8
\BOOKMARK [1][-]{section.1.3}{\376\377\000K\000h\000\341\000i\000\040\000n\000i\036\307\000m\000\040\000c\000h\000u\036\327\000i\000\040\000F\000o\000u\000r\000i\000e\000r\000\040\000v\000\340\000\040\000b\000i\036\277\000n\000\040\001\021\036\325\000i\000\040\000F\000o\000u\000r\000i\000e\000r}{chapter.1}% 9
\BOOKMARK [2][-]{subsection.1.3.1}{\376\377\000B\000i\036\277\000n\000\040\001\021\036\325\000i\000\040\000F\000o\000u\000r\000i\000e\000r\000\040\000c\000h\000o\000\040\000h\000\340\000m\000\040\000l\000i\000\352\000n\000\040\000t\036\345\000c}{section.1.3}% 10
\BOOKMARK [3][-]{subsubsection.1.3.1.1}{\376\377\000B\000i\036\277\000n\000\040\001\021\036\325\000i\000\040\000F\000o\000u\000r\000i\000e\000r\000\040\000c\000h\000o\000\040\000h\000\340\000m\000\040\000m\036\331\000t\000\040\000b\000i\036\277\000n\000\040\000s\036\321}{subsection.1.3.1}% 11
\BOOKMARK [3][-]{subsubsection.1.3.1.2}{\376\377\000B\000i\036\277\000n\000\040\001\021\036\325\000i\000\040\000F\000o\000u\000r\000i\000e\000r\000\040\000c\000h\000o\000\040\000h\000\340\000m\000\040\000h\000a\000i\000\040\000b\000i\036\277\000n\000\040\000s\036\321}{subsection.1.3.1}% 12
\BOOKMARK [2][-]{subsection.1.3.2}{\376\377\000B\000i\036\277\000n\000\040\001\021\036\325\000i\000\040\000F\000o\000u\000r\000i\000e\000r\000\040\000c\000h\000o\000\040\000h\000\340\000m\000\040\000r\036\335\000i\000\040\000r\036\241\000c\000\040\000-\000\040\000D\000F\000T}{section.1.3}% 13
\BOOKMARK [3][-]{subsubsection.1.3.2.1}{\376\377\000H\000\340\000m\000\040\000m\036\331\000t\000\040\000b\000i\036\277\000n\000\040\000s\036\321}{subsection.1.3.2}% 14
\BOOKMARK [3][-]{subsubsection.1.3.2.2}{\376\377\000H\000\340\000m\000\040\000h\000a\000i\000\040\000b\000i\036\277\000n\000\040\000s\036\321}{subsection.1.3.2}% 15
\BOOKMARK [2][-]{subsection.1.3.3}{\376\377\000B\000i\036\277\000n\000\040\001\021\036\325\000i\000\040\000F\000o\000u\000r\000i\000e\000r\000\040\000n\000h\000a\000n\000h\000\050\000F\000F\000T\000\051}{section.1.3}% 16
\BOOKMARK [3][-]{subsubsection.1.3.3.1}{\376\377\000H\000\340\000m\000\040\000m\036\331\000t\000\040\000b\000i\036\277\000n\000\040\000s\036\321}{subsection.1.3.3}% 17
\BOOKMARK [3][-]{subsubsection.1.3.3.2}{\376\377\000H\000\340\000m\000\040\000h\000a\000i\000\040\000b\000i\036\277\000n\000\040\000s\036\321}{subsection.1.3.3}% 18
\BOOKMARK [2][-]{subsection.1.3.4}{\376\377\001\020\036\313\000n\000h\000\040\000l\000\375\000\040\000t\000\355\000c\000h\000\040\000c\000h\036\255\000p}{section.1.3}% 19
\BOOKMARK [1][-]{section.1.4}{\376\377\000X\036\355\000\040\000l\000\375\000\040\036\243\00